tree-breadth
├── 1
│   ├── 4
│   │   ├── 13
│   │   │   ├── 40
│   │   │   ├── 41
│   │   │   └── 42
│   │   ├── 14
│   │   │   ├── 43
│   │   │   ├── 44
│   │   │   └── 45
│   │   └── 15
│   │       ├── 46
│   │       ├── 47
│   │       └── 48
│   ├── 5
│   │   ├── 16
│   │   │   ├── 49
│   │   │   ├── 50
│   │   │   └── 51
│   │   ├── 17
│   │   │   ├── 52
│   │   │   ├── 53
│   │   │   └── 54
│   │   └── 18
│   │       ├── 55
│   │       ├── 56
│   │       └── 57
│   └── 6
│       ├── 19
│       │   ├── 58
│       │   ├── 59
│       │   └── 60
│       ├── 20
│       │   ├── 61
│       │   ├── 62
│       │   └── 63
│       └── 21
│           ├── 64
│           ├── 65
│           └── 66
├── 2
│   ├── 7
│   │   ├── 22
│   │   │   ├── 67
│   │   │   ├── 68
│   │   │   └── 69
│   │   ├── 23
│   │   │   ├── 70
│   │   │   ├── 71
│   │   │   └── 72
│   │   └── 24
│   │       ├── 73
│   │       ├── 74
│   │       └── 75
│   ├── 8
│   │   ├── 25
│   │   │   ├── 76
│   │   │   ├── 77
│   │   │   └── 78
│   │   ├── 26
│   │   │   ├── 79
│   │   │   ├── 80
│   │   │   └── 81
│   │   └── 27
│   │       ├── 82
│   │       ├── 83
│   │       └── 84
│   └── 9
│       ├── 28
│       │   ├── 85
│       │   ├── 86
│       │   └── 87
│       ├── 29
│       │   ├── 88
│       │   ├── 89
│       │   └── 90
│       └── 30
│           ├── 91
│           ├── 92
│           └── 93
└── 3
    ├── 10
    │   ├── 31
    │   │   ├── 94
    │   │   ├── 95
    │   │   └── 96
    │   ├── 32
    │   │   ├── 97
    │   │   ├── 98
    │   │   └── 99
    │   └── 33
    │       ├── 100
    │       ├── 101
    │       └── 102
    ├── 11
    │   ├── 34
    │   │   ├── 103
    │   │   ├── 104
    │   │   └── 105
    │   ├── 35
    │   │   ├── 106
    │   │   ├── 107
    │   │   └── 108
    │   └── 36
    │       ├── 109
    │       ├── 110
    │       └── 111
    └── 12
        ├── 37
        │   ├── 112
        │   ├── 113
        │   └── 114
        ├── 38
        │   ├── 115
        │   ├── 116
        │   └── 117
        └── 39
            ├── 118
            ├── 119
            └── 120

120 directories, 0 files
