No.     Time           Source                Destination           Protocol Length Info
    199 5.297341       192.168.1.102         128.119.245.12        HTTP     104    POST /ethereal-labs/lab3-1-reply.htm HTTP/1.1  (text/plain)

Frame 199: 104 bytes on wire (832 bits), 104 bytes captured (832 bits)
Ethernet II, Src: PremaxPe_8a:70:1a (00:20:e0:8a:70:1a), Dst: LinksysG_da:af:73 (00:06:25:da:af:73)
Internet Protocol Version 4, Src: 192.168.1.102, Dst: 128.119.245.12
Transmission Control Protocol, Src Port: 1161, Dst Port: 80, Seq: 164041, Ack: 1, Len: 50
[122 Reassembled TCP Segments (164090 bytes): #4(565), #5(1460), #7(1460), #8(1460), #10(1460), #11(1460), #13(1147), #18(1460), #19(1460), #20(1460), #21(1460), #22(1460), #23(892), #30(1460), #31(1460), #32(1460), #33(1460), #34(1460), #3]
Hypertext Transfer Protocol
    POST /ethereal-labs/lab3-1-reply.htm HTTP/1.1\r\n
    Host: gaia.cs.umass.edu\r\n
    User-Agent: Mozilla/5.0 (Windows; U; Windows NT 5.1; en-US; rv:1.0.2) Gecko/20030208 Netscape/7.02\r\n
    Accept: text/xml,application/xml,application/xhtml+xml,text/html;q=0.9,text/plain;q=0.8,video/x-mng,image/png,image/jpeg,image/gif;q=0.2,text/css,*/*;q=0.1\r\n
    Accept-Language: en-us, en;q=0.50\r\n
    Accept-Encoding: gzip, deflate, compress;q=0.9\r\n
    Accept-Charset: ISO-8859-1, utf-8;q=0.66, *;q=0.66\r\n
    Keep-Alive: 300\r\n
    Connection: keep-alive\r\n
    Referer: http://gaia.cs.umass.edu/ethereal-labs/lab3-1.htm\r\n
    Content-Type: multipart/form-data; boundary=---------------------------265001916915724\r\n
    Content-Length: 163411\r\n
    \r\n
    [Full request URI: http://gaia.cs.umass.edu/ethereal-labs/lab3-1-reply.htm]
    [HTTP request 1/1]
    [Response in frame: 203]
    File Data: 163411 bytes
MIME Multipart Media Encapsulation, Type: multipart/form-data, Boundary: "---------------------------265001916915724"
