No.     Time           Source                Destination           Protocol Length Info
      4 0.000040572    10.200.205.168        128.119.245.12        TCP      74     50578 → 80 [SYN] Seq=0 Win=29200 Len=0 MSS=1460 SACK_PERM=1 TSval=2903050 TSecr=0 WS=128

Frame 4: 74 bytes on wire (592 bits), 74 bytes captured (592 bits) on interface 0
Ethernet II, Src: HonHaiPr_59:00:19 (34:68:95:59:00:19), Dst: Cisco_77:e4:00 (00:25:46:77:e4:00)
Internet Protocol Version 4, Src: 10.200.205.168, Dst: 128.119.245.12
Transmission Control Protocol, Src Port: 50578, Dst Port: 80, Seq: 0, Len: 0
    Source Port: 50578
    Destination Port: 80
    [Stream index: 0]
    [TCP Segment Len: 0]
    Sequence number: 0    (relative sequence number)
    Acknowledgment number: 0
    Header Length: 40 bytes
    Flags: 0x002 (SYN)
    Window size value: 29200
    [Calculated window size: 29200]
    Checksum: 0x4e23 [unverified]
    [Checksum Status: Unverified]
    Urgent pointer: 0
    Options: (20 bytes), Maximum segment size, SACK permitted, Timestamps, No-Operation (NOP), Window scale
