No.     Time           Source                Destination           Protocol Length Info
     51 33.841820525   10.200.206.179        143.89.14.2           ICMP     98     Echo (ping) request  id=0x112b, seq=1/256, ttl=64 (reply in 52)

Frame 51: 98 bytes on wire (784 bits), 98 bytes captured (784 bits) on interface 0
Ethernet II, Src: HonHaiPr_59:00:19 (34:68:95:59:00:19), Dst: Cisco_77:e4:00 (00:25:46:77:e4:00)
Internet Protocol Version 4, Src: 10.200.206.179, Dst: 143.89.14.2
Internet Control Message Protocol
    Type: 8 (Echo (ping) request)
    Code: 0
    Checksum: 0x8ca9 [correct]
    [Checksum Status: Good]
    Identifier (BE): 4395 (0x112b)
    Identifier (LE): 11025 (0x2b11)
    Sequence number (BE): 1 (0x0001)
    Sequence number (LE): 256 (0x0100)
    [Response frame: 52]
    Timestamp from icmp data: Apr 13, 2017 15:33:15.000000000 EDT
    [Timestamp from icmp data (relative): 0.863284430 seconds]
    Data (48 bytes)

0000  23 2c 0d 00 00 00 00 00 10 11 12 13 14 15 16 17   #,..............
0010  18 19 1a 1b 1c 1d 1e 1f 20 21 22 23 24 25 26 27   ........ !"#$%&'
0020  28 29 2a 2b 2c 2d 2e 2f 30 31 32 33 34 35 36 37   ()*+,-./01234567
